\BOOKMARK [0][-]{section*.1}{\376\377\000C\000o\000n\000t\000e\000n\000t\000s}{}% 1
\BOOKMARK [0][-]{chapter*.2}{\376\377\000A\000c\000r\000\362\000n\000i\000m\000s}{}% 2
\BOOKMARK [0][-]{chapter*.3}{\376\377\000P\000r\000o\000j\000e\000c\000t\000\040\000s\000u\000m\000m\000a\000r\000y}{}% 3
\BOOKMARK [0][-]{chapter.1}{\376\377\000I\000n\000t\000r\000o\000d\000u\000c\000t\000i\000o\000n}{}% 4
\BOOKMARK [1][-]{section.1.1}{\376\377\000A\000r\000t\000i\000f\000i\000c\000i\000a\000l\000\040\000i\000n\000t\000e\000l\000l\000i\000g\000e\000n\000c\000e\000\040\000i\000n\000\040\000v\000i\000d\000e\000o\000\040\000g\000a\000m\000e\000s}{chapter.1}% 5
\BOOKMARK [1][-]{section.1.2}{\376\377\000O\000b\000j\000e\000c\000t\000i\000v\000e\000s\000\040\000a\000n\000d\000\040\000s\000e\000t\000b\000a\000c\000k\000s}{chapter.1}% 6
\BOOKMARK [1][-]{section.1.3}{\376\377\000T\000a\000s\000k\000\040\000d\000i\000v\000i\000s\000i\000o\000n}{chapter.1}% 7
\BOOKMARK [0][-]{chapter.2}{\376\377\000T\000e\000t\000r\000i\000s\000\040\0009\0009\000\040\000a\000n\000d\000\040\000s\000y\000s\000t\000e\000m\000\040\000b\000u\000i\000l\000t}{}% 8
\BOOKMARK [1][-]{section.2.1}{\376\377\000T\000e\000t\000r\000i\000s\000\040\000v\000e\000r\000s\000i\000o\000n}{chapter.2}% 9
\BOOKMARK [1][-]{section.2.2}{\376\377\000G\000a\000m\000e\000\040\000b\000a\000s\000i\000c\000s}{chapter.2}% 10
\BOOKMARK [1][-]{section.2.3}{\376\377\000U\000I\000\040\000a\000n\000d\000\040\000s\000p\000e\000c\000i\000f\000i\000c\000s}{chapter.2}% 11
\BOOKMARK [1][-]{section.2.4}{\376\377\000S\000R\000S\000\040\000\050\000S\000t\000a\000n\000d\000a\000r\000d\000\040\000r\000o\000t\000a\000t\000i\000o\000n\000\040\000s\000y\000s\000t\000e\000m\000\051}{chapter.2}% 12
\BOOKMARK [1][-]{section.2.5}{\376\377\000O\000u\000r\000\040\000s\000y\000s\000t\000e\000m}{chapter.2}% 13
\BOOKMARK [2][-]{subsection.2.5.1}{\376\377\000T\000i\000l\000e}{section.2.5}% 14
\BOOKMARK [2][-]{subsection.2.5.2}{\376\377\000P\000i\000e\000c\000e}{section.2.5}% 15
\BOOKMARK [2][-]{subsection.2.5.3}{\376\377\000B\000o\000a\000r\000d}{section.2.5}% 16
\BOOKMARK [2][-]{subsection.2.5.4}{\376\377\000T\000e\000t\000r\000i\000s\000\040\000g\000a\000m\000e}{section.2.5}% 17
\BOOKMARK [0][-]{chapter.3}{\376\377\000S\000w\000i\000t\000c\000h\000-\000P\000C\000\040\000i\000n\000t\000e\000r\000f\000a\000c\000e}{}% 18
\BOOKMARK [1][-]{section.3.1}{\376\377\000A\000p\000p\000r\000o\000a\000c\000h\000e\000s\000\040\000a\000n\000d\000\040\000f\000i\000n\000a\000l\000\040\000s\000o\000l\000u\000t\000i\000o\000n}{chapter.3}% 19
\BOOKMARK [1][-]{section.3.2}{\376\377\000A\000r\000d\000u\000i\000n\000o\000\040\000t\000o\000o\000l\000s}{chapter.3}% 20
\BOOKMARK [0][-]{chapter.4}{\376\377\000I\000n\000f\000o\000r\000m\000a\000t\000i\000o\000n\000\040\000c\000a\000p\000t\000u\000r\000e}{}% 21
\BOOKMARK [1][-]{section.4.1}{\376\377\000D\000e\000t\000e\000c\000t\000i\000o\000n}{chapter.4}% 22
\BOOKMARK [2][-]{subsection.4.1.1}{\376\377\000G\000a\000m\000e\000\040\000g\000r\000i\000d}{section.4.1}% 23
\BOOKMARK [2][-]{subsection.4.1.2}{\376\377\000O\000u\000t\000\040\000o\000f\000\040\000t\000h\000e\000\040\000g\000r\000i\000d}{section.4.1}% 24
\BOOKMARK [2][-]{subsection.4.1.3}{\376\377\000C\000h\000e\000c\000k\000\040\000s\000t\000o\000r\000e\000d\000\040\000p\000i\000e\000c\000e}{section.4.1}% 25
\BOOKMARK [2][-]{subsection.4.1.4}{\376\377\000C\000h\000e\000c\000k\000\040\000u\000p\000c\000o\000m\000i\000n\000g\000\040\000p\000i\000e\000c\000e\000s}{section.4.1}% 26
\BOOKMARK [1][-]{section.4.2}{\376\377\000H\000o\000w\000\040\000n\000o\000i\000s\000e\000\040\000a\000f\000f\000e\000c\000t\000s\000\040\000d\000e\000t\000e\000c\000t\000i\000o\000n}{chapter.4}% 27
\BOOKMARK [1][-]{section.4.3}{\376\377\000I\000n\000f\000o\000r\000m\000a\000t\000i\000o\000n\000\040\000a\000d\000a\000p\000t\000a\000t\000i\000o\000n\000\040\000f\000o\000r\000\040\000t\000h\000e\000\040\000n\000e\000u\000r\000a\000l\000\040\000n\000e\000t}{chapter.4}% 28
\BOOKMARK [0][-]{chapter.5}{\376\377\000D\000e\000e\000p\000\040\000l\000e\000a\000r\000n\000i\000n\000g\000\040\000m\000o\000d\000u\000l\000e}{}% 29
\BOOKMARK [0][-]{chapter.6}{\376\377\000D\000e\000c\000i\000s\000i\000o\000n\000\040\000m\000a\000k\000i\000n\000g}{}% 30
\BOOKMARK [0][-]{chapter.7}{\376\377\000R\000e\000s\000u\000l\000t\000s}{}% 31
\BOOKMARK [0][-]{chapter.8}{\376\377\000C\000o\000n\000c\000l\000u\000s\000i\000o\000n}{}% 32
\BOOKMARK [0][-]{appendix.A}{\376\377\000A\000p\000e\000n\000d\000i\000x}{}% 33
\BOOKMARK [1][-]{section.Alph0.1}{\376\377\000O\000p\000e\000n\000c\000v}{appendix.A}% 34
\BOOKMARK [1][-]{section.Alph0.2}{\376\377\000T\000e\000n\000s\000o\000r\000f\000l\000o\000w}{appendix.A}% 35
\BOOKMARK [1][-]{section.Alph0.3}{\376\377\000A\000r\000d\000u\000i\000n\000o}{appendix.A}% 36
\BOOKMARK [1][-]{section.Alph0.4}{\376\377\000U\000S\000B\000\040\000t\000o\000\040\000T\000T\000l}{appendix.A}% 37
